生成启动时间为 2016/9/5 21:57:54。
     1>项目“E:\比特\性能剖析器\PerformanceProfiler\PerformanceProfiler\PerformanceProfiler.vcxproj”在节点 2 上(Build 个目标)。
     1>ClCompile:
         D:\vs2015\VC\bin\CL.exe /c /Zi /nologo /W3 /WX- /O2 /Oi /Oy- /GL /D WIN32 /D NDEBUG /D _CONSOLE /D _LIB /D _UNICODE /D UNICODE /Gm- /EHsc /MD /GS /Gy /fp:precise /Zc:wchar_t /Zc:forScope /Zc:inline /Fo"Release\\" /Fd"Release\vc140.pdb" /Gd /TP /analyze- /errorReport:prompt PerformanceProfiler.cpp Test.cpp
         PerformanceProfiler.cpp
         Test.cpp
     1>e:\比特\性能剖析器\performanceprofiler\performanceprofiler\PerformanceProfiler.h(70): warning C4996: 'fopen': This function or variable may be unsafe. Consider using fopen_s instead. To disable deprecation, use _CRT_SECURE_NO_WARNINGS. See online help for details.
         C:\Program Files (x86)\Windows Kits\10\Include\10.0.10150.0\ucrt\stdio.h(205): note: 参见“fopen”的声明
       Link:
         D:\vs2015\VC\bin\link.exe /ERRORREPORT:PROMPT /OUT:"E:\比特\性能剖析器\PerformanceProfiler\Release\PerformanceProfiler.exe" /INCREMENTAL:NO /NOLOGO kernel32.lib user32.lib gdi32.lib winspool.lib comdlg32.lib advapi32.lib shell32.lib ole32.lib oleaut32.lib uuid.lib odbc32.lib odbccp32.lib /MANIFEST /MANIFESTUAC:"level='asInvoker' uiAccess='false'" /manifest:embed /Debug /PDB:"E:\比特\性能剖析器\PerformanceProfiler\Release\PerformanceProfiler.pdb" /SUBSYSTEM:CONSOLE /OPT:REF /OPT:ICF /LTCG:incremental /TLBID:1 /DYNAMICBASE /NXCOMPAT /IMPLIB:"E:\比特\性能剖析器\PerformanceProfiler\Release\PerformanceProfiler.lib" /MACHINE:X86 /SAFESEH Release\PerformanceProfiler.obj
         Release\Test.obj
         正在生成代码
         0 of 748 functions ( 0.0%) were compiled, the rest were copied from previous compilation.
           0 functions were new in current compilation
           0 functions had inline decision re-evaluated but remain unchanged
         已完成代码的生成
         PerformanceProfiler.vcxproj -> E:\比特\性能剖析器\PerformanceProfiler\Release\PerformanceProfiler.exe
     1>已完成生成项目“E:\比特\性能剖析器\PerformanceProfiler\PerformanceProfiler\PerformanceProfiler.vcxproj”(Build 个目标)的操作。

已成功生成。

已用时间 00:00:08.35
